0 info it worked if it ends with ok
1 verbose cli [ '/usr/local/bin/node', '/usr/local/bin/npm', 'run', 'build' ]
2 info using npm@3.3.12
3 info using node@v5.3.0
4 verbose run-script [ 'prebuild', 'build', 'postbuild' ]
5 info lifecycle tektocs@0.0.1~prebuild: tektocs@0.0.1
6 silly lifecycle tektocs@0.0.1~prebuild: no script for prebuild, continuing
7 info lifecycle tektocs@0.0.1~build: tektocs@0.0.1
8 verbose lifecycle tektocs@0.0.1~build: unsafe-perm in lifecycle true
9 verbose lifecycle tektocs@0.0.1~build: PATH: /usr/local/lib/node_modules/npm/bin/node-gyp-bin:/Users/muralinarasimhan/Documents/VSCode/Projects/tektocs/node_modules/.bin:/usr/bin:/bin:/usr/sbin:/sbin:/usr/local/bin
10 verbose lifecycle tektocs@0.0.1~build: CWD: /Users/muralinarasimhan/Documents/VSCode/Projects/tektocs
11 silly lifecycle tektocs@0.0.1~build: Args: [ '-c', 'npm run build-babel && npm run build-webpack' ]
12 silly lifecycle tektocs@0.0.1~build: Returned: code: 1  signal: null
13 info lifecycle tektocs@0.0.1~build: Failed to exec build script
14 verbose stack Error: tektocs@0.0.1 build: `npm run build-babel && npm run build-webpack`
14 verbose stack Exit status 1
14 verbose stack     at EventEmitter.<anonymous> (/usr/local/lib/node_modules/npm/lib/utils/lifecycle.js:232:16)
14 verbose stack     at emitTwo (events.js:87:13)
14 verbose stack     at EventEmitter.emit (events.js:172:7)
14 verbose stack     at ChildProcess.<anonymous> (/usr/local/lib/node_modules/npm/lib/utils/spawn.js:24:14)
14 verbose stack     at emitTwo (events.js:87:13)
14 verbose stack     at ChildProcess.emit (events.js:172:7)
14 verbose stack     at maybeClose (internal/child_process.js:818:16)
14 verbose stack     at Process.ChildProcess._handle.onexit (internal/child_process.js:211:5)
15 verbose pkgid tektocs@0.0.1
16 verbose cwd /Users/muralinarasimhan/Documents/VSCode/Projects/tektocs
17 error Darwin 15.2.0
18 error argv "/usr/local/bin/node" "/usr/local/bin/npm" "run" "build"
19 error node v5.3.0
20 error npm  v3.3.12
21 error code ELIFECYCLE
22 error tektocs@0.0.1 build: `npm run build-babel && npm run build-webpack`
22 error Exit status 1
23 error Failed at the tektocs@0.0.1 build script 'npm run build-babel && npm run build-webpack'.
23 error Make sure you have the latest version of node.js and npm installed.
23 error If you do, this is most likely a problem with the tektocs package,
23 error not with npm itself.
23 error Tell the author that this fails on your system:
23 error     npm run build-babel && npm run build-webpack
23 error You can get their info via:
23 error     npm owner ls tektocs
23 error There is likely additional logging output above.
24 verbose exit [ 1, true ]
